app/build/intermediates/manifest_merge_blame_file/debug/manifest-merger-blame-debug-report.txt
1<?xml version="1.0" encoding="utf-8"?>
2<manifest xmlns:android="http://schemas.android.com/apk/res/android"
3    package="com.example.letsgo"
4    android:versionCode="1"
5    android:versionName="1.0" >
6
7    <uses-sdk
8        android:minSdkVersion="16"
8-->src/main/AndroidManifest.xml
9        android:targetSdkVersion="30" />
9-->src/main/AndroidManifest.xml
10
11    <uses-permission android:name="android.permission.INTERNET" />
11-->src/main/AndroidManifest.xml:24:5-67
11-->src/main/AndroidManifest.xml:24:22-64
12
13    <application
13-->src/main/AndroidManifest.xml:5:5-23:19
14        android:allowBackup="true"
14-->src/main/AndroidManifest.xml:6:9-35
15        android:appComponentFactory="androidx.core.app.CoreComponentFactory"
15-->[androidx.core:core:1.5.0] AndroidManifest.xml:24:18-86
16        android:debuggable="true"
17        android:icon="@mipmap/ic_launcher"
17-->src/main/AndroidManifest.xml:7:9-43
18        android:label="@string/app_name"
18-->src/main/AndroidManifest.xml:8:9-41
19        android:roundIcon="@mipmap/ic_launcher_round"
19-->src/main/AndroidManifest.xml:9:9-54
20        android:supportsRtl="true"
20-->src/main/AndroidManifest.xml:10:9-35
21        android:testOnly="true"
22        android:theme="@style/Theme.LetsGo" >
22-->src/main/AndroidManifest.xml:11:9-44
23        <activity android:name="com.example.letsgo.Annonces" />
23-->src/main/AndroidManifest.xml:12:9-55
23-->src/main/AndroidManifest.xml:12:19-43
24        <activity
24-->src/main/AndroidManifest.xml:13:9-15:53
25            android:name="com.example.letsgo.DetailsAnnonce"
25-->src/main/AndroidManifest.xml:13:19-49
26            android:label="Details Annonce"
26-->src/main/AndroidManifest.xml:14:13-44
27            android:parentActivityName="com.example.letsgo.Annonces" />
27-->src/main/AndroidManifest.xml:15:13-51
28        <activity android:name="com.example.letsgo.MainActivity" >
28-->src/main/AndroidManifest.xml:16:9-22:20
28-->src/main/AndroidManifest.xml:16:19-47
29            <intent-filter>
29-->src/main/AndroidManifest.xml:17:13-21:29
30                <action android:name="android.intent.action.MAIN" />
30-->src/main/AndroidManifest.xml:18:17-69
30-->src/main/AndroidManifest.xml:18:25-66
31
32                <category android:name="android.intent.category.LAUNCHER" />
32-->src/main/AndroidManifest.xml:20:17-77
32-->src/main/AndroidManifest.xml:20:27-74
33            </intent-filter>
34        </activity>
35    </application>
36
37</manifest>